<?xml version="1.0" encoding="UTF-8"?>
<!-- Generated by org.testng.reporters.JUnitReportReporter -->
<testsuite hostname="DESKTOP-O9J57UV" failures="0" tests="2" name="TestNG.VerifyCreateNewAcc2" time="47.770" errors="0" timestamp="2022-02-03T13:07:32 IST" skipped="0">
  <testcase classname="TestNG.VerifyCreateNewAcc2" name="toVerifyNewaccpage" time="20.510"/>
  <system-out/>
  <testcase classname="TestNG.VerifyCreateNewAcc2" name="toVerifyNewaccpage" time="27.260"/>
  <system-out/>
</testsuite> <!-- TestNG.VerifyCreateNewAcc2 -->
