<?xml version="1.0" encoding="UTF-8"?>
<!-- Generated by org.testng.reporters.JUnitReportReporter -->
<testsuite hostname="DESKTOP-O9J57UV" failures="0" tests="1" name="TestNG.VerifyCreateNewAcc" time="15.704" errors="0" timestamp="2022-01-26T12:30:05 IST" skipped="0">
  <testcase classname="TestNG.VerifyCreateNewAcc" name="toVerifyNewaccpage" time="15.704"/>
  <system-out/>
</testsuite> <!-- TestNG.VerifyCreateNewAcc -->
